NCE v2 Run 5 | features=['f_pt', 'k_star', 'd_y', 'd_phi', 'cos_theta_star']
Train: 82924 Omega, 40141 Anti | Val: 30767
OMEGA_ACCUM=4 | REG_LAMBDA=0.01 | LR=0.0005 | EMA=0.999
Checkpoint metric: Omega_recall at Anti_recall≥0.9
DensityRatioNet: 274,433 params
Starting NCE v2 training...

Epoch 001 | NCE: -0.1821 | f_anti: 0.221±0.62 | f_omega: -0.138 | Δf: 0.359 | Ω-rec@Anti0.9: 0.2103 (Anti=0.900) | Sweep: 0.1807 | LR: 0.000500 | No-improve: 0/30
Epoch 002 | NCE: -0.2250 | f_anti: 0.210±0.69 | f_omega: -0.224 | Δf: 0.433 | Ω-rec@Anti0.9: 0.2339 (Anti=0.900) | Sweep: 0.2454 | LR: 0.000500 | No-improve: 0/30
Epoch 003 | NCE: -0.2393 | f_anti: 0.238±0.71 | f_omega: -0.223 | Δf: 0.461 | Ω-rec@Anti0.9: 0.2489 (Anti=0.900) | Sweep: 0.2619 | LR: 0.000500 | No-improve: 0/30
Epoch 004 | NCE: -0.2530 | f_anti: 0.248±0.73 | f_omega: -0.241 | Δf: 0.489 | Ω-rec@Anti0.9: 0.2582 (Anti=0.900) | Sweep: 0.2729 | LR: 0.000500 | No-improve: 0/30
Epoch 005 | NCE: -0.2625 | f_anti: 0.250±0.75 | f_omega: -0.253 | Δf: 0.503 | Ω-rec@Anti0.9: 0.2657 (Anti=0.900) | Sweep: 0.2786 | LR: 0.000500 | No-improve: 0/30
Epoch 006 | NCE: -0.2717 | f_anti: 0.257±0.77 | f_omega: -0.265 | Δf: 0.522 | Ω-rec@Anti0.9: 0.2681 (Anti=0.900) | Sweep: 0.2879 | LR: 0.000500 | No-improve: 0/30
Epoch 007 | NCE: -0.2761 | f_anti: 0.240±0.78 | f_omega: -0.291 | Δf: 0.531 | Ω-rec@Anti0.9: 0.2710 (Anti=0.900) | Sweep: 0.2947 | LR: 0.000500 | No-improve: 0/30
Epoch 008 | NCE: -0.2791 | f_anti: 0.268±0.81 | f_omega: -0.273 | Δf: 0.541 | Ω-rec@Anti0.9: 0.2713 (Anti=0.900) | Sweep: 0.2969 | LR: 0.000500 | No-improve: 0/30
Epoch 009 | NCE: -0.2809 | f_anti: 0.240±0.84 | f_omega: -0.313 | Δf: 0.554 | Ω-rec@Anti0.9: 0.2719 (Anti=0.900) | Sweep: 0.2992 | LR: 0.000500 | No-improve: 0/30
Epoch 010 | NCE: -0.2489 | f_anti: 0.270±0.89 | f_omega: -0.291 | Δf: 0.561 | Ω-rec@Anti0.9: 0.2773 (Anti=0.900) | Sweep: 0.2990 | LR: 0.000500 | No-improve: 0/30
Epoch 011 | NCE: -0.1367 | f_anti: 0.257±1.06 | f_omega: -0.336 | Δf: 0.592 | Ω-rec@Anti0.9: 0.2781 (Anti=0.900) | Sweep: 0.2996 | LR: 0.000500 | No-improve: 0/30
Epoch 012 | NCE: -0.0976 | f_anti: 0.348±1.02 | f_omega: -0.247 | Δf: 0.595 | Ω-rec@Anti0.9: 0.2823 (Anti=0.900) | Sweep: 0.2996 | LR: 0.000500 | No-improve: 0/30
Epoch 013 | NCE: -0.1462 | f_anti: 0.291±1.03 | f_omega: -0.299 | Δf: 0.590 | Ω-rec@Anti0.9: 0.2797 (Anti=0.900) | Sweep: 0.3000 | LR: 0.000500 | No-improve: 0/30
Epoch 014 | NCE: -0.0071 | f_anti: 0.290±1.11 | f_omega: -0.314 | Δf: 0.604 | Ω-rec@Anti0.9: 0.2819 (Anti=0.900) | Sweep: 0.3014 | LR: 0.000500 | No-improve: 1/30
Epoch 015 | NCE: 0.3327 | f_anti: 0.362±1.38 | f_omega: -0.301 | Δf: 0.663 | Ω-rec@Anti0.9: 0.2830 (Anti=0.900) | Sweep: 0.3009 | LR: 0.000500 | No-improve: 2/30
Epoch 016 | NCE: 0.8239 | f_anti: 0.404±1.62 | f_omega: -0.287 | Δf: 0.691 | Ω-rec@Anti0.9: 0.2818 (Anti=0.900) | Sweep: 0.3021 | LR: 0.000500 | No-improve: 0/30
Epoch 017 | NCE: 1.3635 | f_anti: 0.474±1.97 | f_omega: -0.270 | Δf: 0.744 | Ω-rec@Anti0.9: 0.2796 (Anti=0.900) | Sweep: 0.3023 | LR: 0.000500 | No-improve: 1/30
Epoch 018 | NCE: 1.3236 | f_anti: 0.495±2.03 | f_omega: -0.247 | Δf: 0.742 | Ω-rec@Anti0.9: 0.2818 (Anti=0.900) | Sweep: 0.3006 | LR: 0.000500 | No-improve: 2/30
Epoch 019 | NCE: 2.4190 | f_anti: 0.511±2.38 | f_omega: -0.290 | Δf: 0.801 | Ω-rec@Anti0.9: 0.2815 (Anti=0.900) | Sweep: 0.3010 | LR: 0.000500 | No-improve: 3/30
Epoch 020 | NCE: 2.8118 | f_anti: 0.449±2.46 | f_omega: -0.354 | Δf: 0.804 | Ω-rec@Anti0.9: 0.2788 (Anti=0.900) | Sweep: 0.3005 | LR: 0.000500 | No-improve: 4/30
Epoch 021 | NCE: 2.8962 | f_anti: 0.498±2.60 | f_omega: -0.342 | Δf: 0.840 | Ω-rec@Anti0.9: 0.2815 (Anti=0.900) | Sweep: 0.3010 | LR: 0.000250 | No-improve: 5/30
Epoch 022 | NCE: 2.7490 | f_anti: 0.584±2.93 | f_omega: -0.349 | Δf: 0.933 | Ω-rec@Anti0.9: 0.2832 (Anti=0.900) | Sweep: 0.3010 | LR: 0.000250 | No-improve: 6/30
Epoch 023 | NCE: 2.8253 | f_anti: 0.649±3.50 | f_omega: -0.397 | Δf: 1.046 | Ω-rec@Anti0.9: 0.2820 (Anti=0.900) | Sweep: 0.3007 | LR: 0.000250 | No-improve: 0/30
Epoch 024 | NCE: 3.8040 | f_anti: 0.598±3.95 | f_omega: -0.524 | Δf: 1.122 | Ω-rec@Anti0.9: 0.2812 (Anti=0.900) | Sweep: 0.2993 | LR: 0.000250 | No-improve: 1/30
Epoch 025 | NCE: 4.9311 | f_anti: 0.755±4.39 | f_omega: -0.442 | Δf: 1.197 | Ω-rec@Anti0.9: 0.2808 (Anti=0.900) | Sweep: 0.3017 | LR: 0.000250 | No-improve: 2/30
Epoch 026 | NCE: 4.2053 | f_anti: 0.721±4.55 | f_omega: -0.493 | Δf: 1.214 | Ω-rec@Anti0.9: 0.2824 (Anti=0.900) | Sweep: 0.3019 | LR: 0.000250 | No-improve: 3/30
Epoch 027 | NCE: 4.4693 | f_anti: 0.766±4.51 | f_omega: -0.416 | Δf: 1.182 | Ω-rec@Anti0.9: 0.2796 (Anti=0.900) | Sweep: 0.3023 | LR: 0.000250 | No-improve: 4/30
Epoch 028 | NCE: 4.9714 | f_anti: 0.854±4.71 | f_omega: -0.394 | Δf: 1.248 | Ω-rec@Anti0.9: 0.2786 (Anti=0.900) | Sweep: 0.3036 | LR: 0.000125 | No-improve: 5/30
Epoch 029 | NCE: 4.0036 | f_anti: 0.760±4.99 | f_omega: -0.546 | Δf: 1.305 | Ω-rec@Anti0.9: 0.2800 (Anti=0.900) | Sweep: 0.3027 | LR: 0.000125 | No-improve: 6/30
Epoch 030 | NCE: 4.1596 | f_anti: 0.850±5.41 | f_omega: -0.561 | Δf: 1.411 | Ω-rec@Anti0.9: 0.2798 (Anti=0.900) | Sweep: 0.3033 | LR: 0.000125 | No-improve: 7/30
Epoch 031 | NCE: 4.9984 | f_anti: 0.817±5.58 | f_omega: -0.631 | Δf: 1.447 | Ω-rec@Anti0.9: 0.2796 (Anti=0.900) | Sweep: 0.3030 | LR: 0.000125 | No-improve: 8/30
Epoch 032 | NCE: 5.1079 | f_anti: 0.922±5.79 | f_omega: -0.573 | Δf: 1.495 | Ω-rec@Anti0.9: 0.2814 (Anti=0.900) | Sweep: 0.3041 | LR: 0.000125 | No-improve: 9/30
Epoch 033 | NCE: 5.6376 | f_anti: 0.947±6.03 | f_omega: -0.592 | Δf: 1.539 | Ω-rec@Anti0.9: 0.2811 (Anti=0.900) | Sweep: 0.3035 | LR: 0.000125 | No-improve: 10/30
Epoch 034 | NCE: 4.5176 | f_anti: 0.933±5.96 | f_omega: -0.603 | Δf: 1.536 | Ω-rec@Anti0.9: 0.2823 (Anti=0.900) | Sweep: 0.3047 | LR: 0.000063 | No-improve: 11/30
Epoch 035 | NCE: 4.9780 | f_anti: 1.051±6.34 | f_omega: -0.607 | Δf: 1.657 | Ω-rec@Anti0.9: 0.2826 (Anti=0.900) | Sweep: 0.3047 | LR: 0.000063 | No-improve: 12/30
Epoch 036 | NCE: 4.7854 | f_anti: 0.922±6.41 | f_omega: -0.747 | Δf: 1.669 | Ω-rec@Anti0.9: 0.2826 (Anti=0.900) | Sweep: 0.3044 | LR: 0.000063 | No-improve: 13/30
Epoch 037 | NCE: 4.0705 | f_anti: 1.027±6.61 | f_omega: -0.710 | Δf: 1.737 | Ω-rec@Anti0.9: 0.2830 (Anti=0.900) | Sweep: 0.3044 | LR: 0.000063 | No-improve: 14/30
Epoch 038 | NCE: 4.9321 | f_anti: 1.045±6.65 | f_omega: -0.702 | Δf: 1.746 | Ω-rec@Anti0.9: 0.2846 (Anti=0.900) | Sweep: 0.3042 | LR: 0.000063 | No-improve: 15/30
Epoch 039 | NCE: 4.0902 | f_anti: 1.040±6.81 | f_omega: -0.743 | Δf: 1.783 | Ω-rec@Anti0.9: 0.2829 (Anti=0.900) | Sweep: 0.3044 | LR: 0.000063 | No-improve: 0/30
Epoch 040 | NCE: 5.0022 | f_anti: 1.041±6.91 | f_omega: -0.726 | Δf: 1.767 | Ω-rec@Anti0.9: 0.2814 (Anti=0.900) | Sweep: 0.3039 | LR: 0.000063 | No-improve: 1/30
Epoch 041 | NCE: 5.1805 | f_anti: 1.115±6.96 | f_omega: -0.670 | Δf: 1.785 | Ω-rec@Anti0.9: 0.2834 (Anti=0.900) | Sweep: 0.3048 | LR: 0.000063 | No-improve: 2/30
Epoch 042 | NCE: 4.4109 | f_anti: 1.014±6.99 | f_omega: -0.770 | Δf: 1.784 | Ω-rec@Anti0.9: 0.2820 (Anti=0.900) | Sweep: 0.3057 | LR: 0.000063 | No-improve: 3/30
Epoch 043 | NCE: 4.9157 | f_anti: 0.990±6.90 | f_omega: -0.781 | Δf: 1.771 | Ω-rec@Anti0.9: 0.2813 (Anti=0.900) | Sweep: 0.3054 | LR: 0.000063 | No-improve: 4/30
Epoch 044 | NCE: 5.4621 | f_anti: 1.081±6.99 | f_omega: -0.745 | Δf: 1.826 | Ω-rec@Anti0.9: 0.2820 (Anti=0.900) | Sweep: 0.3054 | LR: 0.000031 | No-improve: 5/30
Epoch 045 | NCE: 4.4976 | f_anti: 1.018±6.97 | f_omega: -0.773 | Δf: 1.791 | Ω-rec@Anti0.9: 0.2817 (Anti=0.900) | Sweep: 0.3064 | LR: 0.000031 | No-improve: 6/30
Epoch 046 | NCE: 5.2472 | f_anti: 1.103±7.05 | f_omega: -0.757 | Δf: 1.860 | Ω-rec@Anti0.9: 0.2809 (Anti=0.900) | Sweep: 0.3072 | LR: 0.000031 | No-improve: 7/30
Epoch 047 | NCE: 4.4830 | f_anti: 1.117±7.20 | f_omega: -0.749 | Δf: 1.866 | Ω-rec@Anti0.9: 0.2836 (Anti=0.900) | Sweep: 0.3070 | LR: 0.000031 | No-improve: 8/30
Epoch 048 | NCE: 4.8089 | f_anti: 1.106±7.30 | f_omega: -0.782 | Δf: 1.888 | Ω-rec@Anti0.9: 0.2830 (Anti=0.900) | Sweep: 0.3063 | LR: 0.000031 | No-improve: 9/30
Epoch 049 | NCE: 5.5184 | f_anti: 1.121±7.40 | f_omega: -0.805 | Δf: 1.927 | Ω-rec@Anti0.9: 0.2825 (Anti=0.900) | Sweep: 0.3053 | LR: 0.000031 | No-improve: 10/30
Epoch 050 | NCE: 4.8892 | f_anti: 1.111±7.42 | f_omega: -0.815 | Δf: 1.926 | Ω-rec@Anti0.9: 0.2817 (Anti=0.900) | Sweep: 0.3066 | LR: 0.000016 | No-improve: 11/30
Epoch 051 | NCE: 5.7878 | f_anti: 1.165±7.48 | f_omega: -0.807 | Δf: 1.972 | Ω-rec@Anti0.9: 0.2805 (Anti=0.900) | Sweep: 0.3064 | LR: 0.000016 | No-improve: 12/30
Epoch 052 | NCE: 4.3953 | f_anti: 1.145±7.59 | f_omega: -0.836 | Δf: 1.981 | Ω-rec@Anti0.9: 0.2833 (Anti=0.900) | Sweep: 0.3050 | LR: 0.000016 | No-improve: 13/30
Epoch 053 | NCE: 5.1910 | f_anti: 1.181±7.65 | f_omega: -0.838 | Δf: 2.020 | Ω-rec@Anti0.9: 0.2819 (Anti=0.900) | Sweep: 0.3041 | LR: 0.000016 | No-improve: 14/30
Epoch 054 | NCE: 5.5155 | f_anti: 1.159±7.57 | f_omega: -0.823 | Δf: 1.982 | Ω-rec@Anti0.9: 0.2815 (Anti=0.900) | Sweep: 0.3045 | LR: 0.000016 | No-improve: 15/30
Epoch 055 | NCE: 4.6324 | f_anti: 1.119±7.51 | f_omega: -0.836 | Δf: 1.956 | Ω-rec@Anti0.9: 0.2832 (Anti=0.900) | Sweep: 0.3041 | LR: 0.000016 | No-improve: 16/30
Epoch 056 | NCE: 5.3636 | f_anti: 1.111±7.51 | f_omega: -0.859 | Δf: 1.969 | Ω-rec@Anti0.9: 0.2848 (Anti=0.900) | Sweep: 0.3048 | LR: 0.000016 | No-improve: 17/30
Epoch 057 | NCE: 5.2663 | f_anti: 1.080±7.55 | f_omega: -0.886 | Δf: 1.966 | Ω-rec@Anti0.9: 0.2851 (Anti=0.900) | Sweep: 0.3038 | LR: 0.000016 | No-improve: 0/30
Epoch 058 | NCE: 5.7996 | f_anti: 1.185±7.68 | f_omega: -0.840 | Δf: 2.025 | Ω-rec@Anti0.9: 0.2844 (Anti=0.900) | Sweep: 0.3036 | LR: 0.000016 | No-improve: 0/30
Epoch 059 | NCE: 4.4593 | f_anti: 1.141±7.66 | f_omega: -0.857 | Δf: 1.997 | Ω-rec@Anti0.9: 0.2845 (Anti=0.900) | Sweep: 0.3033 | LR: 0.000016 | No-improve: 1/30
Epoch 060 | NCE: 5.2762 | f_anti: 1.112±7.62 | f_omega: -0.890 | Δf: 2.002 | Ω-rec@Anti0.9: 0.2834 (Anti=0.900) | Sweep: 0.3035 | LR: 0.000016 | No-improve: 2/30
Epoch 061 | NCE: 4.8741 | f_anti: 1.076±7.55 | f_omega: -0.894 | Δf: 1.971 | Ω-rec@Anti0.9: 0.2838 (Anti=0.900) | Sweep: 0.3048 | LR: 0.000016 | No-improve: 3/30
Epoch 062 | NCE: 4.9391 | f_anti: 1.128±7.70 | f_omega: -0.911 | Δf: 2.039 | Ω-rec@Anti0.9: 0.2838 (Anti=0.900) | Sweep: 0.3047 | LR: 0.000016 | No-improve: 4/30
Epoch 063 | NCE: 4.8095 | f_anti: 1.067±7.66 | f_omega: -0.918 | Δf: 1.984 | Ω-rec@Anti0.9: 0.2833 (Anti=0.900) | Sweep: 0.3042 | LR: 0.000008 | No-improve: 5/30
Epoch 064 | NCE: 4.4054 | f_anti: 1.063±7.78 | f_omega: -0.952 | Δf: 2.015 | Ω-rec@Anti0.9: 0.2850 (Anti=0.900) | Sweep: 0.3038 | LR: 0.000008 | No-improve: 6/30
Epoch 065 | NCE: 5.2393 | f_anti: 1.110±7.77 | f_omega: -0.924 | Δf: 2.034 | Ω-rec@Anti0.9: 0.2844 (Anti=0.900) | Sweep: 0.3044 | LR: 0.000008 | No-improve: 7/30
Epoch 066 | NCE: 5.7584 | f_anti: 1.139±7.77 | f_omega: -0.907 | Δf: 2.046 | Ω-rec@Anti0.9: 0.2845 (Anti=0.900) | Sweep: 0.3038 | LR: 0.000008 | No-improve: 8/30
Epoch 067 | NCE: 5.9070 | f_anti: 1.174±7.92 | f_omega: -0.905 | Δf: 2.079 | Ω-rec@Anti0.9: 0.2850 (Anti=0.900) | Sweep: 0.3035 | LR: 0.000008 | No-improve: 9/30
Epoch 068 | NCE: 5.9167 | f_anti: 1.120±7.73 | f_omega: -0.908 | Δf: 2.028 | Ω-rec@Anti0.9: 0.2851 (Anti=0.900) | Sweep: 0.3039 | LR: 0.000008 | No-improve: 10/30
Epoch 069 | NCE: 5.5991 | f_anti: 1.131±7.72 | f_omega: -0.900 | Δf: 2.031 | Ω-rec@Anti0.9: 0.2850 (Anti=0.900) | Sweep: 0.3036 | LR: 0.000008 | No-improve: 0/30
Epoch 070 | NCE: 4.9508 | f_anti: 1.089±7.59 | f_omega: -0.907 | Δf: 1.996 | Ω-rec@Anti0.9: 0.2855 (Anti=0.900) | Sweep: 0.3036 | LR: 0.000008 | No-improve: 1/30
Epoch 071 | NCE: 5.0988 | f_anti: 1.193±7.79 | f_omega: -0.866 | Δf: 2.059 | Ω-rec@Anti0.9: 0.2852 (Anti=0.900) | Sweep: 0.3042 | LR: 0.000008 | No-improve: 0/30
Epoch 072 | NCE: 4.4733 | f_anti: 1.234±7.90 | f_omega: -0.866 | Δf: 2.099 | Ω-rec@Anti0.9: 0.2850 (Anti=0.900) | Sweep: 0.3045 | LR: 0.000008 | No-improve: 1/30
Epoch 073 | NCE: 5.7786 | f_anti: 1.221±7.90 | f_omega: -0.868 | Δf: 2.089 | Ω-rec@Anti0.9: 0.2854 (Anti=0.900) | Sweep: 0.3047 | LR: 0.000008 | No-improve: 2/30
Epoch 074 | NCE: 4.9392 | f_anti: 1.096±7.67 | f_omega: -0.897 | Δf: 1.993 | Ω-rec@Anti0.9: 0.2848 (Anti=0.900) | Sweep: 0.3041 | LR: 0.000008 | No-improve: 3/30
Epoch 075 | NCE: 4.8209 | f_anti: 1.149±7.80 | f_omega: -0.911 | Δf: 2.060 | Ω-rec@Anti0.9: 0.2856 (Anti=0.900) | Sweep: 0.3045 | LR: 0.000008 | No-improve: 4/30
Epoch 076 | NCE: 4.7326 | f_anti: 1.146±7.81 | f_omega: -0.933 | Δf: 2.079 | Ω-rec@Anti0.9: 0.2842 (Anti=0.900) | Sweep: 0.3050 | LR: 0.000008 | No-improve: 0/30
Epoch 077 | NCE: 5.6311 | f_anti: 1.105±7.77 | f_omega: -0.933 | Δf: 2.038 | Ω-rec@Anti0.9: 0.2839 (Anti=0.900) | Sweep: 0.3055 | LR: 0.000008 | No-improve: 1/30
Epoch 078 | NCE: 5.8533 | f_anti: 1.195±7.97 | f_omega: -0.915 | Δf: 2.111 | Ω-rec@Anti0.9: 0.2855 (Anti=0.900) | Sweep: 0.3051 | LR: 0.000008 | No-improve: 2/30
Epoch 079 | NCE: 5.8838 | f_anti: 1.164±7.89 | f_omega: -0.928 | Δf: 2.091 | Ω-rec@Anti0.9: 0.2847 (Anti=0.900) | Sweep: 0.3048 | LR: 0.000008 | No-improve: 3/30
Epoch 080 | NCE: 5.1803 | f_anti: 1.171±7.82 | f_omega: -0.907 | Δf: 2.078 | Ω-rec@Anti0.9: 0.2841 (Anti=0.900) | Sweep: 0.3045 | LR: 0.000008 | No-improve: 4/30
Epoch 081 | NCE: 4.5901 | f_anti: 1.132±7.78 | f_omega: -0.919 | Δf: 2.051 | Ω-rec@Anti0.9: 0.2847 (Anti=0.900) | Sweep: 0.3047 | LR: 0.000004 | No-improve: 5/30
Epoch 082 | NCE: 5.3057 | f_anti: 1.196±7.90 | f_omega: -0.902 | Δf: 2.099 | Ω-rec@Anti0.9: 0.2856 (Anti=0.900) | Sweep: 0.3048 | LR: 0.000004 | No-improve: 6/30
Epoch 083 | NCE: 5.1437 | f_anti: 1.165±7.81 | f_omega: -0.907 | Δf: 2.071 | Ω-rec@Anti0.9: 0.2854 (Anti=0.900) | Sweep: 0.3044 | LR: 0.000004 | No-improve: 0/30
Epoch 084 | NCE: 5.0974 | f_anti: 1.163±7.86 | f_omega: -0.899 | Δf: 2.062 | Ω-rec@Anti0.9: 0.2849 (Anti=0.900) | Sweep: 0.3045 | LR: 0.000004 | No-improve: 1/30
Epoch 085 | NCE: 5.3854 | f_anti: 1.147±7.83 | f_omega: -0.910 | Δf: 2.057 | Ω-rec@Anti0.9: 0.2857 (Anti=0.900) | Sweep: 0.3041 | LR: 0.000004 | No-improve: 2/30
Epoch 086 | NCE: 5.0502 | f_anti: 1.160±7.83 | f_omega: -0.911 | Δf: 2.071 | Ω-rec@Anti0.9: 0.2858 (Anti=0.900) | Sweep: 0.3041 | LR: 0.000004 | No-improve: 0/30
Epoch 087 | NCE: 6.1523 | f_anti: 1.185±7.84 | f_omega: -0.911 | Δf: 2.096 | Ω-rec@Anti0.9: 0.2862 (Anti=0.900) | Sweep: 0.3041 | LR: 0.000004 | No-improve: 0/30
Epoch 088 | NCE: 5.4518 | f_anti: 1.164±7.81 | f_omega: -0.907 | Δf: 2.072 | Ω-rec@Anti0.9: 0.2852 (Anti=0.900) | Sweep: 0.3047 | LR: 0.000004 | No-improve: 0/30
Epoch 089 | NCE: 4.9651 | f_anti: 1.154±7.81 | f_omega: -0.917 | Δf: 2.072 | Ω-rec@Anti0.9: 0.2852 (Anti=0.900) | Sweep: 0.3053 | LR: 0.000004 | No-improve: 1/30
Epoch 090 | NCE: 5.2417 | f_anti: 1.165±7.88 | f_omega: -0.923 | Δf: 2.088 | Ω-rec@Anti0.9: 0.2865 (Anti=0.900) | Sweep: 0.3047 | LR: 0.000004 | No-improve: 2/30
Epoch 091 | NCE: 5.5497 | f_anti: 1.206±7.95 | f_omega: -0.914 | Δf: 2.120 | Ω-rec@Anti0.9: 0.2864 (Anti=0.900) | Sweep: 0.3051 | LR: 0.000004 | No-improve: 0/30
Epoch 092 | NCE: 4.9652 | f_anti: 1.155±7.83 | f_omega: -0.918 | Δf: 2.073 | Ω-rec@Anti0.9: 0.2859 (Anti=0.900) | Sweep: 0.3057 | LR: 0.000004 | No-improve: 1/30
Epoch 093 | NCE: 4.9277 | f_anti: 1.155±7.85 | f_omega: -0.938 | Δf: 2.093 | Ω-rec@Anti0.9: 0.2869 (Anti=0.900) | Sweep: 0.3051 | LR: 0.000004 | No-improve: 2/30
Epoch 094 | NCE: 5.8739 | f_anti: 1.176±7.96 | f_omega: -0.946 | Δf: 2.122 | Ω-rec@Anti0.9: 0.2865 (Anti=0.900) | Sweep: 0.3054 | LR: 0.000004 | No-improve: 0/30
Epoch 095 | NCE: 5.4504 | f_anti: 1.141±7.79 | f_omega: -0.947 | Δf: 2.088 | Ω-rec@Anti0.9: 0.2866 (Anti=0.900) | Sweep: 0.3053 | LR: 0.000004 | No-improve: 1/30
Epoch 096 | NCE: 5.6711 | f_anti: 1.194±7.96 | f_omega: -0.938 | Δf: 2.132 | Ω-rec@Anti0.9: 0.2865 (Anti=0.900) | Sweep: 0.3054 | LR: 0.000004 | No-improve: 2/30
Epoch 097 | NCE: 5.4210 | f_anti: 1.124±7.84 | f_omega: -0.940 | Δf: 2.064 | Ω-rec@Anti0.9: 0.2868 (Anti=0.900) | Sweep: 0.3054 | LR: 0.000004 | No-improve: 3/30
Epoch 098 | NCE: 4.4655 | f_anti: 1.121±7.79 | f_omega: -0.938 | Δf: 2.059 | Ω-rec@Anti0.9: 0.2866 (Anti=0.900) | Sweep: 0.3051 | LR: 0.000004 | No-improve: 4/30
Epoch 099 | NCE: 4.8937 | f_anti: 1.140±7.80 | f_omega: -0.932 | Δf: 2.071 | Ω-rec@Anti0.9: 0.2869 (Anti=0.900) | Sweep: 0.3051 | LR: 0.000002 | No-improve: 5/30
Epoch 100 | NCE: 5.6058 | f_anti: 1.148±7.88 | f_omega: -0.932 | Δf: 2.080 | Ω-rec@Anti0.9: 0.2866 (Anti=0.900) | Sweep: 0.3060 | LR: 0.000002 | No-improve: 6/30
Epoch 101 | NCE: 5.4273 | f_anti: 1.145±7.84 | f_omega: -0.929 | Δf: 2.074 | Ω-rec@Anti0.9: 0.2869 (Anti=0.900) | Sweep: 0.3063 | LR: 0.000002 | No-improve: 7/30
Epoch 102 | NCE: 4.4446 | f_anti: 1.110±7.77 | f_omega: -0.937 | Δf: 2.047 | Ω-rec@Anti0.9: 0.2873 (Anti=0.900) | Sweep: 0.3061 | LR: 0.000002 | No-improve: 0/30
Epoch 103 | NCE: 5.1839 | f_anti: 1.145±7.88 | f_omega: -0.928 | Δf: 2.072 | Ω-rec@Anti0.9: 0.2872 (Anti=0.900) | Sweep: 0.3064 | LR: 0.000002 | No-improve: 0/30
Epoch 104 | NCE: 4.7067 | f_anti: 1.124±7.79 | f_omega: -0.930 | Δf: 2.054 | Ω-rec@Anti0.9: 0.2867 (Anti=0.900) | Sweep: 0.3060 | LR: 0.000002 | No-improve: 1/30
Epoch 105 | NCE: 5.1598 | f_anti: 1.154±7.86 | f_omega: -0.927 | Δf: 2.081 | Ω-rec@Anti0.9: 0.2870 (Anti=0.900) | Sweep: 0.3061 | LR: 0.000002 | No-improve: 2/30
Epoch 106 | NCE: 5.1383 | f_anti: 1.199±7.99 | f_omega: -0.917 | Δf: 2.116 | Ω-rec@Anti0.9: 0.2874 (Anti=0.900) | Sweep: 0.3055 | LR: 0.000002 | No-improve: 3/30
Epoch 107 | NCE: 5.5306 | f_anti: 1.150±7.83 | f_omega: -0.922 | Δf: 2.072 | Ω-rec@Anti0.9: 0.2866 (Anti=0.900) | Sweep: 0.3058 | LR: 0.000002 | No-improve: 0/30
Epoch 108 | NCE: 5.4924 | f_anti: 1.174±7.91 | f_omega: -0.925 | Δf: 2.098 | Ω-rec@Anti0.9: 0.2861 (Anti=0.900) | Sweep: 0.3053 | LR: 0.000002 | No-improve: 1/30
Epoch 109 | NCE: 5.1843 | f_anti: 1.151±7.85 | f_omega: -0.933 | Δf: 2.084 | Ω-rec@Anti0.9: 0.2861 (Anti=0.900) | Sweep: 0.3048 | LR: 0.000002 | No-improve: 2/30
Epoch 110 | NCE: 5.7090 | f_anti: 1.178±7.92 | f_omega: -0.927 | Δf: 2.105 | Ω-rec@Anti0.9: 0.2868 (Anti=0.900) | Sweep: 0.3053 | LR: 0.000002 | No-improve: 3/30
Epoch 111 | NCE: 4.7468 | f_anti: 1.156±7.86 | f_omega: -0.937 | Δf: 2.093 | Ω-rec@Anti0.9: 0.2868 (Anti=0.900) | Sweep: 0.3048 | LR: 0.000002 | No-improve: 4/30
Epoch 112 | NCE: 4.9073 | f_anti: 1.174±7.96 | f_omega: -0.936 | Δf: 2.110 | Ω-rec@Anti0.9: 0.2861 (Anti=0.900) | Sweep: 0.3053 | LR: 0.000001 | No-improve: 5/30
Epoch 113 | NCE: 4.1120 | f_anti: 1.139±7.88 | f_omega: -0.942 | Δf: 2.080 | Ω-rec@Anti0.9: 0.2868 (Anti=0.900) | Sweep: 0.3048 | LR: 0.000001 | No-improve: 6/30
Epoch 114 | NCE: 4.8912 | f_anti: 1.109±7.81 | f_omega: -0.947 | Δf: 2.056 | Ω-rec@Anti0.9: 0.2874 (Anti=0.900) | Sweep: 0.3047 | LR: 0.000001 | No-improve: 7/30
Epoch 115 | NCE: 5.1068 | f_anti: 1.161±7.99 | f_omega: -0.946 | Δf: 2.107 | Ω-rec@Anti0.9: 0.2881 (Anti=0.900) | Sweep: 0.3041 | LR: 0.000001 | No-improve: 0/30
Epoch 116 | NCE: 5.7994 | f_anti: 1.134±7.87 | f_omega: -0.942 | Δf: 2.076 | Ω-rec@Anti0.9: 0.2878 (Anti=0.900) | Sweep: 0.3042 | LR: 0.000001 | No-improve: 0/30
Epoch 117 | NCE: 5.1529 | f_anti: 1.179±7.98 | f_omega: -0.943 | Δf: 2.122 | Ω-rec@Anti0.9: 0.2878 (Anti=0.900) | Sweep: 0.3045 | LR: 0.000001 | No-improve: 1/30
Epoch 118 | NCE: 4.3477 | f_anti: 1.108±7.82 | f_omega: -0.950 | Δf: 2.057 | Ω-rec@Anti0.9: 0.2869 (Anti=0.900) | Sweep: 0.3047 | LR: 0.000001 | No-improve: 2/30
Epoch 119 | NCE: 5.6167 | f_anti: 1.096±7.80 | f_omega: -0.948 | Δf: 2.044 | Ω-rec@Anti0.9: 0.2871 (Anti=0.900) | Sweep: 0.3042 | LR: 0.000001 | No-improve: 3/30
Epoch 120 | NCE: 5.3032 | f_anti: 1.120±7.83 | f_omega: -0.949 | Δf: 2.069 | Ω-rec@Anti0.9: 0.2876 (Anti=0.900) | Sweep: 0.3044 | LR: 0.000001 | No-improve: 4/30
Epoch 121 | NCE: 5.3592 | f_anti: 1.108±7.83 | f_omega: -0.946 | Δf: 2.053 | Ω-rec@Anti0.9: 0.2867 (Anti=0.900) | Sweep: 0.3042 | LR: 0.000000 | No-improve: 5/30
Epoch 122 | NCE: 5.2297 | f_anti: 1.153±7.87 | f_omega: -0.941 | Δf: 2.094 | Ω-rec@Anti0.9: 0.2869 (Anti=0.900) | Sweep: 0.3041 | LR: 0.000000 | No-improve: 6/30
Epoch 123 | NCE: 5.1819 | f_anti: 1.112±7.84 | f_omega: -0.943 | Δf: 2.055 | Ω-rec@Anti0.9: 0.2868 (Anti=0.900) | Sweep: 0.3041 | LR: 0.000000 | No-improve: 7/30
Epoch 124 | NCE: 4.1231 | f_anti: 1.113±7.79 | f_omega: -0.946 | Δf: 2.059 | Ω-rec@Anti0.9: 0.2869 (Anti=0.900) | Sweep: 0.3042 | LR: 0.000000 | No-improve: 8/30
Epoch 125 | NCE: 4.8844 | f_anti: 1.138±7.84 | f_omega: -0.941 | Δf: 2.079 | Ω-rec@Anti0.9: 0.2867 (Anti=0.900) | Sweep: 0.3044 | LR: 0.000000 | No-improve: 9/30
Epoch 126 | NCE: 4.8502 | f_anti: 1.149±7.93 | f_omega: -0.940 | Δf: 2.089 | Ω-rec@Anti0.9: 0.2870 (Anti=0.900) | Sweep: 0.3042 | LR: 0.000000 | No-improve: 10/30
Epoch 127 | NCE: 4.5331 | f_anti: 1.135±7.84 | f_omega: -0.940 | Δf: 2.075 | Ω-rec@Anti0.9: 0.2868 (Anti=0.900) | Sweep: 0.3045 | LR: 0.000000 | No-improve: 11/30
Epoch 128 | NCE: 5.5445 | f_anti: 1.172±7.94 | f_omega: -0.935 | Δf: 2.107 | Ω-rec@Anti0.9: 0.2867 (Anti=0.900) | Sweep: 0.3044 | LR: 0.000000 | No-improve: 12/30
Epoch 129 | NCE: 4.9954 | f_anti: 1.161±7.94 | f_omega: -0.936 | Δf: 2.097 | Ω-rec@Anti0.9: 0.2866 (Anti=0.900) | Sweep: 0.3044 | LR: 0.000000 | No-improve: 13/30
Epoch 130 | NCE: 5.6500 | f_anti: 1.158±7.92 | f_omega: -0.935 | Δf: 2.094 | Ω-rec@Anti0.9: 0.2866 (Anti=0.900) | Sweep: 0.3045 | LR: 0.000000 | No-improve: 14/30
